02-Jul-2025 00:55:07.197 INFO [main] org.apache.james.mailetcontainer.lib.AbstractStateMailetProcessor.parseConfiguration:317 - Matcher All instantiated.
02-Jul-2025 00:55:07.205 INFO [main] org.apache.james.mailetcontainer.lib.AbstractStateMailetProcessor.parseConfiguration:328 - Mailet PostmasterAlias instantiated.
02-Jul-2025 00:55:07.216 INFO [main] org.apache.james.mailetcontainer.lib.AbstractStateMailetProcessor.parseConfiguration:317 - Matcher RelayLimit=30 instantiated.
02-Jul-2025 00:55:07.221 INFO [main] org.apache.james.mailetcontainer.lib.AbstractStateMailetProcessor.parseConfiguration:328 - Mailet Null instantiated.
02-Jul-2025 00:55:07.225 INFO [main] org.apache.james.mailetcontainer.lib.AbstractStateMailetProcessor.parseConfiguration:317 - Matcher HasMailAttribute=spamChecked instantiated.
02-Jul-2025 00:55:07.234 INFO [main] org.apache.james.mailetcontainer.lib.AbstractStateMailetProcessor.parseConfiguration:328 - Mailet ToProcessor instantiated.
02-Jul-2025 00:55:07.235 INFO [main] org.apache.james.mailetcontainer.lib.AbstractStateMailetProcessor.parseConfiguration:317 - Matcher All instantiated.
02-Jul-2025 00:55:07.383 INFO [main] org.apache.james.mailetcontainer.lib.AbstractStateMailetProcessor.parseConfiguration:328 - Mailet SetMailAttribute instantiated.
02-Jul-2025 00:55:07.387 INFO [main] org.apache.james.mailetcontainer.lib.AbstractStateMailetProcessor.parseConfiguration:317 - Matcher SMTPAuthSuccessful instantiated.
02-Jul-2025 00:55:07.390 INFO [main] org.apache.james.mailetcontainer.lib.AbstractStateMailetProcessor.parseConfiguration:328 - Mailet ToProcessor instantiated.
02-Jul-2025 00:55:07.391 INFO [main] org.apache.james.mailetcontainer.lib.AbstractStateMailetProcessor.parseConfiguration:317 - Matcher All instantiated.
02-Jul-2025 00:55:07.393 INFO [main] org.apache.james.mailetcontainer.lib.AbstractStateMailetProcessor.parseConfiguration:328 - Mailet ToProcessor instantiated.
02-Jul-2025 00:55:07.410 INFO [main] org.apache.james.mailetcontainer.lib.AbstractStateMailetProcessor.parseConfiguration:317 - Matcher All instantiated.
02-Jul-2025 00:55:07.457 INFO [main] org.apache.james.mailetcontainer.lib.AbstractStateMailetProcessor.parseConfiguration:328 - Mailet ToRepository instantiated.
02-Jul-2025 00:55:07.461 INFO [main] org.apache.james.mailetcontainer.lib.AbstractStateMailetProcessor.parseConfiguration:317 - Matcher SMTPAuthSuccessful instantiated.
02-Jul-2025 00:55:07.467 INFO [main] org.apache.james.mailetcontainer.lib.AbstractStateMailetProcessor.parseConfiguration:328 - Mailet SetMimeHeader instantiated.
02-Jul-2025 00:55:07.468 INFO [main] org.apache.james.mailetcontainer.lib.AbstractStateMailetProcessor.parseConfiguration:317 - Matcher HasMailAttribute=org.apache.james.SMIMECheckSignature instantiated.
02-Jul-2025 00:55:07.471 INFO [main] org.apache.james.mailetcontainer.lib.AbstractStateMailetProcessor.parseConfiguration:328 - Mailet SetMimeHeader instantiated.
02-Jul-2025 00:55:07.472 INFO [main] org.apache.james.mailetcontainer.lib.AbstractStateMailetProcessor.parseConfiguration:317 - Matcher All instantiated.
02-Jul-2025 00:55:07.483 INFO [main] org.apache.james.mailetcontainer.lib.AbstractStateMailetProcessor.parseConfiguration:328 - Mailet RecipientRewriteTable instantiated.
02-Jul-2025 00:55:07.486 INFO [main] org.apache.james.mailetcontainer.lib.AbstractStateMailetProcessor.parseConfiguration:317 - Matcher SenderIsLocal instantiated.
02-Jul-2025 00:55:07.888 INFO [main] org.apache.james.mailetcontainer.lib.AbstractStateMailetProcessor.parseConfiguration:328 - Mailet ToSenderFolder instantiated.
02-Jul-2025 00:55:07.891 INFO [main] org.apache.james.mailetcontainer.lib.AbstractStateMailetProcessor.parseConfiguration:317 - Matcher RecipientIsLocal instantiated.
02-Jul-2025 00:55:07.916 INFO [main] org.apache.james.mailetcontainer.lib.AbstractStateMailetProcessor.parseConfiguration:328 - Mailet Sieve instantiated.
02-Jul-2025 00:55:07.917 INFO [main] org.apache.james.mailetcontainer.lib.AbstractStateMailetProcessor.parseConfiguration:317 - Matcher RecipientIsLocal instantiated.
02-Jul-2025 00:55:07.922 INFO [main] org.apache.james.mailetcontainer.lib.AbstractStateMailetProcessor.parseConfiguration:328 - Mailet AddDeliveredToHeader instantiated.
02-Jul-2025 00:55:07.922 INFO [main] org.apache.james.mailetcontainer.lib.AbstractStateMailetProcessor.parseConfiguration:317 - Matcher RecipientIsLocal instantiated.
02-Jul-2025 00:55:07.933 INFO [main] org.apache.james.mailetcontainer.lib.AbstractStateMailetProcessor.parseConfiguration:328 - Mailet LocalDelivery instantiated.
02-Jul-2025 00:55:07.937 INFO [main] org.apache.james.mailetcontainer.lib.AbstractStateMailetProcessor.parseConfiguration:317 - Matcher HostIsLocal instantiated.
02-Jul-2025 00:55:07.939 INFO [main] org.apache.james.mailetcontainer.lib.AbstractStateMailetProcessor.parseConfiguration:328 - Mailet ToProcessor instantiated.
02-Jul-2025 00:55:07.975 INFO [main] org.apache.james.mailetcontainer.lib.AbstractStateMailetProcessor.parseConfiguration:317 - Matcher RemoteAddrNotInNetwork=127.0.0.1 instantiated.
02-Jul-2025 00:55:07.978 INFO [main] org.apache.james.mailetcontainer.lib.AbstractStateMailetProcessor.parseConfiguration:328 - Mailet ToProcessor instantiated.
02-Jul-2025 00:55:07.979 INFO [main] org.apache.james.mailetcontainer.lib.AbstractStateMailetProcessor.parseConfiguration:317 - Matcher All instantiated.
02-Jul-2025 00:55:08.080 INFO [main] org.apache.james.mailetcontainer.lib.AbstractStateMailetProcessor.parseConfiguration:328 - Mailet RemoteDelivery instantiated.
02-Jul-2025 00:55:08.086 INFO [main] org.apache.james.mailetcontainer.lib.AbstractStateMailetProcessor.parseConfiguration:317 - Matcher All instantiated.
02-Jul-2025 00:55:08.093 INFO [main] org.apache.james.mailetcontainer.lib.AbstractStateMailetProcessor.parseConfiguration:328 - Mailet MetricsMailet instantiated.
02-Jul-2025 00:55:08.095 INFO [main] org.apache.james.mailetcontainer.lib.AbstractStateMailetProcessor.parseConfiguration:317 - Matcher All instantiated.
02-Jul-2025 00:55:08.128 INFO [main] org.apache.james.mailetcontainer.lib.AbstractStateMailetProcessor.parseConfiguration:328 - Mailet Bounce instantiated.
02-Jul-2025 00:55:08.130 INFO [main] org.apache.james.mailetcontainer.lib.AbstractStateMailetProcessor.parseConfiguration:317 - Matcher All instantiated.
02-Jul-2025 00:55:08.152 INFO [main] org.apache.james.mailetcontainer.lib.AbstractStateMailetProcessor.parseConfiguration:328 - Mailet ToRepository instantiated.
02-Jul-2025 00:55:08.154 INFO [main] org.apache.james.mailetcontainer.lib.AbstractStateMailetProcessor.parseConfiguration:317 - Matcher All instantiated.
02-Jul-2025 00:55:08.176 INFO [main] org.apache.james.mailetcontainer.lib.AbstractStateMailetProcessor.parseConfiguration:328 - Mailet ToRepository instantiated.
02-Jul-2025 00:55:08.178 INFO [main] org.apache.james.mailetcontainer.lib.AbstractStateMailetProcessor.parseConfiguration:317 - Matcher All instantiated.
02-Jul-2025 00:55:08.181 INFO [main] org.apache.james.mailetcontainer.lib.AbstractStateMailetProcessor.parseConfiguration:328 - Mailet SetMailAttribute instantiated.
02-Jul-2025 00:55:08.182 INFO [main] org.apache.james.mailetcontainer.lib.AbstractStateMailetProcessor.parseConfiguration:317 - Matcher SMTPAuthSuccessful instantiated.
02-Jul-2025 00:55:08.186 INFO [main] org.apache.james.mailetcontainer.lib.AbstractStateMailetProcessor.parseConfiguration:328 - Mailet Bounce instantiated.
02-Jul-2025 00:55:08.187 INFO [main] org.apache.james.mailetcontainer.lib.AbstractStateMailetProcessor.parseConfiguration:317 - Matcher All instantiated.
02-Jul-2025 00:55:08.188 INFO [main] org.apache.james.mailetcontainer.lib.AbstractStateMailetProcessor.parseConfiguration:328 - Mailet Null instantiated.
02-Jul-2025 00:55:08.190 INFO [main] org.apache.james.mailetcontainer.lib.AbstractStateMailetProcessor.parseConfiguration:317 - Matcher All instantiated.
02-Jul-2025 00:55:08.204 INFO [main] org.apache.james.mailetcontainer.lib.AbstractStateMailetProcessor.parseConfiguration:328 - Mailet ToRepository instantiated.
02-Jul-2025 00:55:08.206 INFO [main] org.apache.james.mailetcontainer.lib.AbstractStateMailetProcessor.parseConfiguration:317 - Matcher All instantiated.
02-Jul-2025 00:55:08.222 INFO [main] org.apache.james.mailetcontainer.lib.AbstractStateMailetProcessor.parseConfiguration:328 - Mailet ToRepository instantiated.
02-Jul-2025 00:55:08.223 INFO [main] org.apache.james.mailetcontainer.lib.AbstractStateMailetProcessor.parseConfiguration:317 - Matcher All instantiated.
02-Jul-2025 00:55:08.263 INFO [main] org.apache.james.mailetcontainer.lib.AbstractStateMailetProcessor.parseConfiguration:328 - Mailet DSNBounce instantiated.
02-Jul-2025 00:55:08.282 INFO [main] org.apache.james.mailetcontainer.impl.JamesMailSpooler.init:313 - init...
02-Jul-2025 00:55:08.283 INFO [main] org.apache.james.mailetcontainer.impl.JamesMailSpooler.init:314 - Concurrency level is 20
02-Jul-2025 00:55:08.289 INFO [main] org.apache.james.mailetcontainer.impl.JamesMailSpooler.init:318 - Spooler started
26-Jul-2025 18:18:43.838 INFO [main] org.apache.james.mailetcontainer.lib.AbstractStateMailetProcessor.parseConfiguration:317 - Matcher All instantiated.
26-Jul-2025 18:18:43.852 INFO [main] org.apache.james.mailetcontainer.lib.AbstractStateMailetProcessor.parseConfiguration:328 - Mailet PostmasterAlias instantiated.
26-Jul-2025 18:18:43.874 INFO [main] org.apache.james.mailetcontainer.lib.AbstractStateMailetProcessor.parseConfiguration:317 - Matcher RelayLimit=30 instantiated.
26-Jul-2025 18:18:43.879 INFO [main] org.apache.james.mailetcontainer.lib.AbstractStateMailetProcessor.parseConfiguration:328 - Mailet Null instantiated.
26-Jul-2025 18:18:43.885 INFO [main] org.apache.james.mailetcontainer.lib.AbstractStateMailetProcessor.parseConfiguration:317 - Matcher HasMailAttribute=spamChecked instantiated.
26-Jul-2025 18:18:43.892 INFO [main] org.apache.james.mailetcontainer.lib.AbstractStateMailetProcessor.parseConfiguration:328 - Mailet ToProcessor instantiated.
26-Jul-2025 18:18:43.893 INFO [main] org.apache.james.mailetcontainer.lib.AbstractStateMailetProcessor.parseConfiguration:317 - Matcher All instantiated.
26-Jul-2025 18:18:44.187 INFO [main] org.apache.james.mailetcontainer.lib.AbstractStateMailetProcessor.parseConfiguration:328 - Mailet SetMailAttribute instantiated.
26-Jul-2025 18:18:44.192 INFO [main] org.apache.james.mailetcontainer.lib.AbstractStateMailetProcessor.parseConfiguration:317 - Matcher SMTPAuthSuccessful instantiated.
26-Jul-2025 18:18:44.195 INFO [main] org.apache.james.mailetcontainer.lib.AbstractStateMailetProcessor.parseConfiguration:328 - Mailet ToProcessor instantiated.
26-Jul-2025 18:18:44.195 INFO [main] org.apache.james.mailetcontainer.lib.AbstractStateMailetProcessor.parseConfiguration:317 - Matcher All instantiated.
26-Jul-2025 18:18:44.197 INFO [main] org.apache.james.mailetcontainer.lib.AbstractStateMailetProcessor.parseConfiguration:328 - Mailet ToProcessor instantiated.
26-Jul-2025 18:18:44.219 INFO [main] org.apache.james.mailetcontainer.lib.AbstractStateMailetProcessor.parseConfiguration:317 - Matcher All instantiated.
26-Jul-2025 18:18:44.269 INFO [main] org.apache.james.mailetcontainer.lib.AbstractStateMailetProcessor.parseConfiguration:328 - Mailet ToRepository instantiated.
26-Jul-2025 18:18:44.271 INFO [main] org.apache.james.mailetcontainer.lib.AbstractStateMailetProcessor.parseConfiguration:317 - Matcher SMTPAuthSuccessful instantiated.
26-Jul-2025 18:18:44.275 INFO [main] org.apache.james.mailetcontainer.lib.AbstractStateMailetProcessor.parseConfiguration:328 - Mailet SetMimeHeader instantiated.
26-Jul-2025 18:18:44.275 INFO [main] org.apache.james.mailetcontainer.lib.AbstractStateMailetProcessor.parseConfiguration:317 - Matcher HasMailAttribute=org.apache.james.SMIMECheckSignature instantiated.
26-Jul-2025 18:18:44.277 INFO [main] org.apache.james.mailetcontainer.lib.AbstractStateMailetProcessor.parseConfiguration:328 - Mailet SetMimeHeader instantiated.
26-Jul-2025 18:18:44.277 INFO [main] org.apache.james.mailetcontainer.lib.AbstractStateMailetProcessor.parseConfiguration:317 - Matcher All instantiated.
26-Jul-2025 18:18:44.288 INFO [main] org.apache.james.mailetcontainer.lib.AbstractStateMailetProcessor.parseConfiguration:328 - Mailet RecipientRewriteTable instantiated.
26-Jul-2025 18:18:44.292 INFO [main] org.apache.james.mailetcontainer.lib.AbstractStateMailetProcessor.parseConfiguration:317 - Matcher SenderIsLocal instantiated.
26-Jul-2025 18:18:44.727 INFO [main] org.apache.james.mailetcontainer.lib.AbstractStateMailetProcessor.parseConfiguration:328 - Mailet ToSenderFolder instantiated.
26-Jul-2025 18:18:44.730 INFO [main] org.apache.james.mailetcontainer.lib.AbstractStateMailetProcessor.parseConfiguration:317 - Matcher RecipientIsLocal instantiated.
26-Jul-2025 18:18:44.751 INFO [main] org.apache.james.mailetcontainer.lib.AbstractStateMailetProcessor.parseConfiguration:328 - Mailet Sieve instantiated.
26-Jul-2025 18:18:44.752 INFO [main] org.apache.james.mailetcontainer.lib.AbstractStateMailetProcessor.parseConfiguration:317 - Matcher RecipientIsLocal instantiated.
26-Jul-2025 18:18:44.756 INFO [main] org.apache.james.mailetcontainer.lib.AbstractStateMailetProcessor.parseConfiguration:328 - Mailet AddDeliveredToHeader instantiated.
26-Jul-2025 18:18:44.757 INFO [main] org.apache.james.mailetcontainer.lib.AbstractStateMailetProcessor.parseConfiguration:317 - Matcher RecipientIsLocal instantiated.
26-Jul-2025 18:18:44.777 INFO [main] org.apache.james.mailetcontainer.lib.AbstractStateMailetProcessor.parseConfiguration:328 - Mailet LocalDelivery instantiated.
26-Jul-2025 18:18:44.784 INFO [main] org.apache.james.mailetcontainer.lib.AbstractStateMailetProcessor.parseConfiguration:317 - Matcher HostIsLocal instantiated.
26-Jul-2025 18:18:44.786 INFO [main] org.apache.james.mailetcontainer.lib.AbstractStateMailetProcessor.parseConfiguration:328 - Mailet ToProcessor instantiated.
26-Jul-2025 18:18:44.824 INFO [main] org.apache.james.mailetcontainer.lib.AbstractStateMailetProcessor.parseConfiguration:317 - Matcher RemoteAddrNotInNetwork=127.0.0.1 instantiated.
26-Jul-2025 18:18:44.826 INFO [main] org.apache.james.mailetcontainer.lib.AbstractStateMailetProcessor.parseConfiguration:328 - Mailet ToProcessor instantiated.
26-Jul-2025 18:18:44.827 INFO [main] org.apache.james.mailetcontainer.lib.AbstractStateMailetProcessor.parseConfiguration:317 - Matcher All instantiated.
26-Jul-2025 18:18:44.970 INFO [main] org.apache.james.mailetcontainer.lib.AbstractStateMailetProcessor.parseConfiguration:328 - Mailet RemoteDelivery instantiated.
26-Jul-2025 18:18:44.974 INFO [main] org.apache.james.mailetcontainer.lib.AbstractStateMailetProcessor.parseConfiguration:317 - Matcher All instantiated.
26-Jul-2025 18:18:44.985 INFO [main] org.apache.james.mailetcontainer.lib.AbstractStateMailetProcessor.parseConfiguration:328 - Mailet MetricsMailet instantiated.
26-Jul-2025 18:18:44.986 INFO [main] org.apache.james.mailetcontainer.lib.AbstractStateMailetProcessor.parseConfiguration:317 - Matcher All instantiated.
26-Jul-2025 18:18:45.032 INFO [main] org.apache.james.mailetcontainer.lib.AbstractStateMailetProcessor.parseConfiguration:328 - Mailet Bounce instantiated.
26-Jul-2025 18:18:45.032 INFO [main] org.apache.james.mailetcontainer.lib.AbstractStateMailetProcessor.parseConfiguration:317 - Matcher All instantiated.
26-Jul-2025 18:18:45.046 INFO [main] org.apache.james.mailetcontainer.lib.AbstractStateMailetProcessor.parseConfiguration:328 - Mailet ToRepository instantiated.
26-Jul-2025 18:18:45.047 INFO [main] org.apache.james.mailetcontainer.lib.AbstractStateMailetProcessor.parseConfiguration:317 - Matcher All instantiated.
26-Jul-2025 18:18:45.061 INFO [main] org.apache.james.mailetcontainer.lib.AbstractStateMailetProcessor.parseConfiguration:328 - Mailet ToRepository instantiated.
26-Jul-2025 18:18:45.063 INFO [main] org.apache.james.mailetcontainer.lib.AbstractStateMailetProcessor.parseConfiguration:317 - Matcher All instantiated.
26-Jul-2025 18:18:45.066 INFO [main] org.apache.james.mailetcontainer.lib.AbstractStateMailetProcessor.parseConfiguration:328 - Mailet SetMailAttribute instantiated.
26-Jul-2025 18:18:45.066 INFO [main] org.apache.james.mailetcontainer.lib.AbstractStateMailetProcessor.parseConfiguration:317 - Matcher SMTPAuthSuccessful instantiated.
26-Jul-2025 18:18:45.070 INFO [main] org.apache.james.mailetcontainer.lib.AbstractStateMailetProcessor.parseConfiguration:328 - Mailet Bounce instantiated.
26-Jul-2025 18:18:45.071 INFO [main] org.apache.james.mailetcontainer.lib.AbstractStateMailetProcessor.parseConfiguration:317 - Matcher All instantiated.
26-Jul-2025 18:18:45.072 INFO [main] org.apache.james.mailetcontainer.lib.AbstractStateMailetProcessor.parseConfiguration:328 - Mailet Null instantiated.
26-Jul-2025 18:18:45.074 INFO [main] org.apache.james.mailetcontainer.lib.AbstractStateMailetProcessor.parseConfiguration:317 - Matcher All instantiated.
26-Jul-2025 18:18:45.085 INFO [main] org.apache.james.mailetcontainer.lib.AbstractStateMailetProcessor.parseConfiguration:328 - Mailet ToRepository instantiated.
26-Jul-2025 18:18:45.087 INFO [main] org.apache.james.mailetcontainer.lib.AbstractStateMailetProcessor.parseConfiguration:317 - Matcher All instantiated.
26-Jul-2025 18:18:45.097 INFO [main] org.apache.james.mailetcontainer.lib.AbstractStateMailetProcessor.parseConfiguration:328 - Mailet ToRepository instantiated.
26-Jul-2025 18:18:45.099 INFO [main] org.apache.james.mailetcontainer.lib.AbstractStateMailetProcessor.parseConfiguration:317 - Matcher All instantiated.
26-Jul-2025 18:18:45.206 INFO [main] org.apache.james.mailetcontainer.lib.AbstractStateMailetProcessor.parseConfiguration:328 - Mailet DSNBounce instantiated.
26-Jul-2025 18:18:45.252 INFO [main] org.apache.james.mailetcontainer.impl.JamesMailSpooler.init:313 - init...
26-Jul-2025 18:18:45.253 INFO [main] org.apache.james.mailetcontainer.impl.JamesMailSpooler.init:314 - Concurrency level is 20
26-Jul-2025 18:18:45.268 INFO [main] org.apache.james.mailetcontainer.impl.JamesMailSpooler.init:318 - Spooler started
