02-Jul-2025 00:54:59.858 INFO [main] org.springframework.beans.factory.xml.XmlBeanDefinitionReader.loadBeanDefinitions:317 - Loading XML bean definitions from class path resource [META-INF/org/apache/james/spring-server.xml]
02-Jul-2025 00:55:00.947 INFO [main] org.springframework.beans.factory.xml.XmlBeanDefinitionReader.loadBeanDefinitions:317 - Loading XML bean definitions from class path resource [META-INF/spring/loaders-context.xml]
02-Jul-2025 00:55:00.979 INFO [main] org.springframework.beans.factory.xml.XmlBeanDefinitionReader.loadBeanDefinitions:317 - Loading XML bean definitions from class path resource [META-INF/org/apache/james/spring-mailbox-authenticator.xml]
02-Jul-2025 00:55:01.004 INFO [main] org.springframework.beans.factory.xml.XmlBeanDefinitionReader.loadBeanDefinitions:317 - Loading XML bean definitions from class path resource [META-INF/org/apache/james/spring-mailbox-authorizator.xml]
02-Jul-2025 00:55:01.026 INFO [main] org.springframework.beans.factory.xml.XmlBeanDefinitionReader.loadBeanDefinitions:317 - Loading XML bean definitions from class path resource [META-INF/spring/activemq-queue-context.xml]
02-Jul-2025 00:55:01.053 INFO [main] org.springframework.beans.factory.xml.XmlBeanDefinitionReader.loadBeanDefinitions:317 - Loading XML bean definitions from class path resource [META-INF/spring/mailetcontainer-context.xml]
02-Jul-2025 00:55:01.067 INFO [main] org.springframework.beans.factory.xml.XmlBeanDefinitionReader.loadBeanDefinitions:317 - Loading XML bean definitions from class path resource [META-INF/spring/dns-context.xml]
02-Jul-2025 00:55:01.081 INFO [main] org.springframework.beans.factory.xml.XmlBeanDefinitionReader.loadBeanDefinitions:317 - Loading XML bean definitions from class path resource [META-INF/spring/fetchmail-context.xml]
02-Jul-2025 00:55:01.094 INFO [main] org.springframework.beans.factory.xml.XmlBeanDefinitionReader.loadBeanDefinitions:317 - Loading XML bean definitions from class path resource [META-INF/spring/smtpserver-context.xml]
02-Jul-2025 00:55:01.109 INFO [main] org.springframework.beans.factory.xml.XmlBeanDefinitionReader.loadBeanDefinitions:317 - Loading XML bean definitions from class path resource [META-INF/spring/lmtpserver-context.xml]
02-Jul-2025 00:55:01.121 INFO [main] org.springframework.beans.factory.xml.XmlBeanDefinitionReader.loadBeanDefinitions:317 - Loading XML bean definitions from class path resource [META-INF/spring/pop3server-context.xml]
02-Jul-2025 00:55:01.135 INFO [main] org.springframework.beans.factory.xml.XmlBeanDefinitionReader.loadBeanDefinitions:317 - Loading XML bean definitions from class path resource [META-INF/spring/imapserver-context.xml]
02-Jul-2025 00:55:01.151 INFO [main] org.springframework.beans.factory.xml.XmlBeanDefinitionReader.loadBeanDefinitions:317 - Loading XML bean definitions from class path resource [META-INF/spring/managesieveserver-context.xml]
02-Jul-2025 00:55:01.164 INFO [main] org.springframework.beans.factory.xml.XmlBeanDefinitionReader.loadBeanDefinitions:317 - Loading XML bean definitions from class path resource [META-INF/spring/spring-mailbox.xml]
02-Jul-2025 00:55:01.177 INFO [main] org.springframework.beans.factory.xml.XmlBeanDefinitionReader.loadBeanDefinitions:317 - Loading XML bean definitions from class path resource [META-INF/spring/mailbox-locker.xml]
02-Jul-2025 00:55:01.189 INFO [main] org.springframework.beans.factory.xml.XmlBeanDefinitionReader.loadBeanDefinitions:317 - Loading XML bean definitions from class path resource [META-INF/spring/mailbox-jpa.xml]
02-Jul-2025 00:55:01.210 INFO [main] org.springframework.beans.factory.xml.XmlBeanDefinitionReader.loadBeanDefinitions:317 - Loading XML bean definitions from class path resource [META-INF/spring/mailbox-index-lucene.xml]
02-Jul-2025 00:55:01.223 INFO [main] org.springframework.beans.factory.xml.XmlBeanDefinitionReader.loadBeanDefinitions:317 - Loading XML bean definitions from class path resource [META-INF/spring/mailbox-memory.xml]
02-Jul-2025 00:55:01.238 INFO [main] org.springframework.beans.factory.support.DefaultListableBeanFactory.registerBeanDefinition:821 - Overriding bean definition for bean 'messageParser' with a different definition: replacing [Generic bean: class [org.apache.james.mailbox.store.mail.model.impl.MessageParser]; scope=; abstract=false; lazyInit=false; autowireMode=0; dependencyCheck=0; autowireCandidate=true; primary=false; factoryBeanName=null; factoryMethodName=null; initMethodName=init; destroyMethodName=null; defined in class path resource [META-INF/org/apache/james/spring-server.xml]] with [Generic bean: class [org.apache.james.mailbox.store.mail.model.impl.MessageParser]; scope=; abstract=false; lazyInit=false; autowireMode=0; dependencyCheck=0; autowireCandidate=true; primary=false; factoryBeanName=null; factoryMethodName=null; initMethodName=null; destroyMethodName=null; defined in class path resource [META-INF/spring/spring-mailbox.xml]]
02-Jul-2025 00:55:01.244 INFO [main] org.springframework.beans.factory.xml.XmlBeanDefinitionReader.loadBeanDefinitions:317 - Loading XML bean definitions from class path resource [META-INF/spring/quota.xml]
02-Jul-2025 00:55:01.260 INFO [main] org.springframework.beans.factory.xml.XmlBeanDefinitionReader.loadBeanDefinitions:317 - Loading XML bean definitions from class path resource [META-INF/spring/event-system.xml]
02-Jul-2025 00:55:01.303 INFO [main] org.springframework.beans.factory.support.DefaultListableBeanFactory.registerBeanDefinition:821 - Overriding bean definition for bean 'datasource' with a different definition: replacing [Generic bean: class [org.apache.commons.dbcp.BasicDataSource]; scope=; abstract=false; lazyInit=false; autowireMode=0; dependencyCheck=0; autowireCandidate=true; primary=false; factoryBeanName=null; factoryMethodName=null; initMethodName=null; destroyMethodName=close; defined in class path resource [META-INF/spring/mailbox-jpa.xml]] with [Generic bean: class [org.apache.commons.dbcp.BasicDataSource]; scope=; abstract=false; lazyInit=false; autowireMode=0; dependencyCheck=0; autowireCandidate=true; primary=false; factoryBeanName=null; factoryMethodName=null; initMethodName=null; destroyMethodName=close; defined in class path resource [META-INF/org/apache/james/spring-server.xml]]
02-Jul-2025 00:55:01.305 INFO [main] org.springframework.beans.factory.support.DefaultListableBeanFactory.registerBeanDefinition:821 - Overriding bean definition for bean 'entityManagerFactory' with a different definition: replacing [Generic bean: class [org.springframework.orm.jpa.LocalContainerEntityManagerFactoryBean]; scope=; abstract=false; lazyInit=false; autowireMode=0; dependencyCheck=0; autowireCandidate=true; primary=false; factoryBeanName=null; factoryMethodName=null; initMethodName=null; destroyMethodName=null; defined in class path resource [META-INF/spring/mailbox-jpa.xml]] with [Generic bean: class [org.springframework.orm.jpa.LocalContainerEntityManagerFactoryBean]; scope=; abstract=false; lazyInit=false; autowireMode=0; dependencyCheck=0; autowireCandidate=true; primary=false; factoryBeanName=null; factoryMethodName=null; initMethodName=null; destroyMethodName=null; defined in class path resource [META-INF/org/apache/james/spring-server.xml]]
02-Jul-2025 00:55:01.307 INFO [main] org.springframework.beans.factory.xml.XmlBeanDefinitionReader.loadBeanDefinitions:317 - Loading XML bean definitions from class path resource [META-INF/spring/mailbox-tools.xml]
02-Jul-2025 00:55:02.408 INFO [main] org.springframework.beans.factory.annotation.AutowiredAnnotationBeanPostProcessor.<init>:155 - JSR-330 'javax.inject.Inject' annotation found and supported for autowiring
02-Jul-2025 00:55:02.579 INFO [main] org.springframework.orm.jpa.LocalContainerEntityManagerFactoryBean.createNativeEntityManagerFactory:356 - Building JPA container EntityManagerFactory for persistence unit 'James'
02-Jul-2025 00:55:02.811 INFO [main] org.springframework.orm.jpa.AbstractEntityManagerFactoryBean.buildNativeEntityManagerFactory:414 - Initialized JPA EntityManagerFactory for persistence unit 'James'
02-Jul-2025 00:55:09.503 INFO [main] org.springframework.remoting.rmi.RmiRegistryFactoryBean.getRegistry:217 - Looking for RMI registry at port '9999', using custom socket factory
02-Jul-2025 00:55:11.510 INFO [main] org.springframework.remoting.rmi.RmiRegistryFactoryBean.getRegistry:228 - Could not detect RMI registry - creating new one
02-Jul-2025 00:55:11.557 INFO [main] org.springframework.jmx.support.ConnectorServerFactoryBean.afterPropertiesSet:191 - JMX connector server started: javax.management.remote.rmi.RMIConnectorServer@3aef4650
02-Jul-2025 00:55:11.755 INFO [main] org.springframework.jmx.export.MBeanExporter.afterSingletonsInstantiated:431 - Registering beans for JMX exposure on startup
02-Jul-2025 00:55:11.757 INFO [main] org.springframework.jmx.export.MBeanExporter.registerBeanInstance:672 - Located MBean 'org.apache.james:type=component,name=domainlist': registering with JMX server as MBean [org.apache.james:type=component,name=domainlist]
02-Jul-2025 00:55:11.760 INFO [main] org.springframework.jmx.export.MBeanExporter.registerBeanInstance:679 - Located managed bean 'org.apache.james:type=component,name=dnsservice': registering with JMX server as MBean [org.apache.james:type=component,name=dnsservice]
02-Jul-2025 00:55:11.767 INFO [main] org.springframework.jmx.export.MBeanExporter.registerBeanInstance:672 - Located MBean 'org.apache.james:type=component,name=recipientrewritetable': registering with JMX server as MBean [org.apache.james:type=component,name=recipientrewritetable]
02-Jul-2025 00:55:11.767 INFO [main] org.springframework.jmx.export.MBeanExporter.registerBeanInstance:672 - Located MBean 'org.apache.james:type=component,name=usersrepository': registering with JMX server as MBean [org.apache.james:type=component,name=usersrepository]
02-Jul-2025 00:55:11.769 INFO [main] org.springframework.jmx.export.MBeanExporter.registerBeanInstance:672 - Located MBean 'org.apache.james:type=component,name=fetchmail': registering with JMX server as MBean [org.apache.james:type=component,name=fetchmail]
02-Jul-2025 00:55:11.770 INFO [main] org.springframework.jmx.export.MBeanExporter.registerBeanInstance:672 - Located MBean 'org.apache.james:type=component,name=mailboxmanagerbean': registering with JMX server as MBean [org.apache.james:type=component,name=mailboxmanagerbean]
02-Jul-2025 00:55:11.771 INFO [main] org.springframework.jmx.export.MBeanExporter.registerBeanInstance:679 - Located managed bean 'org.apache.james:type=component,component=mailetcontainer,name=mailspooler': registering with JMX server as MBean [org.apache.james:type=component,component=mailetcontainer,name=mailspooler]
02-Jul-2025 00:55:11.772 INFO [main] org.springframework.jmx.export.MBeanExporter.registerBeanInstance:672 - Located MBean 'org.apache.james:type=component,name=mailboxcopier': registering with JMX server as MBean [org.apache.james:type=component,name=mailboxcopier]
02-Jul-2025 00:55:11.774 INFO [main] org.springframework.jmx.export.MBeanExporter.registerBeanInstance:672 - Located MBean 'org.apache.james:type=component,name=quotamanagerbean': registering with JMX server as MBean [org.apache.james:type=component,name=quotamanagerbean]
02-Jul-2025 00:55:11.775 INFO [main] org.springframework.jmx.export.MBeanExporter.registerBeanInstance:672 - Located MBean 'org.apache.james:type=component,name=reindexerbean': registering with JMX server as MBean [org.apache.james:type=component,name=reindexerbean]
02-Jul-2025 00:55:11.780 INFO [main] org.springframework.jmx.export.MBeanExporter.registerBeanInstance:672 - Located MBean 'org.apache.james:type=component,name=sievemanagerbean': registering with JMX server as MBean [org.apache.james:type=component,name=sievemanagerbean]
02-Jul-2025 00:55:43.388 INFO [Thread-8] org.springframework.jmx.export.MBeanExporter.destroy:449 - Unregistering JMX-exposed beans on shutdown
23-Jul-2025 14:49:07.748 INFO [main] org.springframework.beans.factory.xml.XmlBeanDefinitionReader.loadBeanDefinitions:317 - Loading XML bean definitions from class path resource [META-INF/org/apache/james/spring-server.xml]
23-Jul-2025 14:49:08.652 INFO [main] org.springframework.beans.factory.xml.XmlBeanDefinitionReader.loadBeanDefinitions:317 - Loading XML bean definitions from class path resource [META-INF/spring/loaders-context.xml]
23-Jul-2025 14:49:08.681 INFO [main] org.springframework.beans.factory.xml.XmlBeanDefinitionReader.loadBeanDefinitions:317 - Loading XML bean definitions from class path resource [META-INF/org/apache/james/spring-mailbox-authenticator.xml]
23-Jul-2025 14:49:08.704 INFO [main] org.springframework.beans.factory.xml.XmlBeanDefinitionReader.loadBeanDefinitions:317 - Loading XML bean definitions from class path resource [META-INF/org/apache/james/spring-mailbox-authorizator.xml]
23-Jul-2025 14:49:08.722 INFO [main] org.springframework.beans.factory.xml.XmlBeanDefinitionReader.loadBeanDefinitions:317 - Loading XML bean definitions from class path resource [META-INF/spring/activemq-queue-context.xml]
23-Jul-2025 14:49:08.751 INFO [main] org.springframework.beans.factory.xml.XmlBeanDefinitionReader.loadBeanDefinitions:317 - Loading XML bean definitions from class path resource [META-INF/spring/mailetcontainer-context.xml]
23-Jul-2025 14:49:08.768 INFO [main] org.springframework.beans.factory.xml.XmlBeanDefinitionReader.loadBeanDefinitions:317 - Loading XML bean definitions from class path resource [META-INF/spring/dns-context.xml]
23-Jul-2025 14:49:08.781 INFO [main] org.springframework.beans.factory.xml.XmlBeanDefinitionReader.loadBeanDefinitions:317 - Loading XML bean definitions from class path resource [META-INF/spring/fetchmail-context.xml]
23-Jul-2025 14:49:08.795 INFO [main] org.springframework.beans.factory.xml.XmlBeanDefinitionReader.loadBeanDefinitions:317 - Loading XML bean definitions from class path resource [META-INF/spring/smtpserver-context.xml]
23-Jul-2025 14:49:08.814 INFO [main] org.springframework.beans.factory.xml.XmlBeanDefinitionReader.loadBeanDefinitions:317 - Loading XML bean definitions from class path resource [META-INF/spring/lmtpserver-context.xml]
23-Jul-2025 14:49:08.833 INFO [main] org.springframework.beans.factory.xml.XmlBeanDefinitionReader.loadBeanDefinitions:317 - Loading XML bean definitions from class path resource [META-INF/spring/pop3server-context.xml]
23-Jul-2025 14:49:08.845 INFO [main] org.springframework.beans.factory.xml.XmlBeanDefinitionReader.loadBeanDefinitions:317 - Loading XML bean definitions from class path resource [META-INF/spring/imapserver-context.xml]
23-Jul-2025 14:49:08.860 INFO [main] org.springframework.beans.factory.xml.XmlBeanDefinitionReader.loadBeanDefinitions:317 - Loading XML bean definitions from class path resource [META-INF/spring/managesieveserver-context.xml]
23-Jul-2025 14:49:08.875 INFO [main] org.springframework.beans.factory.xml.XmlBeanDefinitionReader.loadBeanDefinitions:317 - Loading XML bean definitions from class path resource [META-INF/spring/spring-mailbox.xml]
23-Jul-2025 14:49:08.886 INFO [main] org.springframework.beans.factory.xml.XmlBeanDefinitionReader.loadBeanDefinitions:317 - Loading XML bean definitions from class path resource [META-INF/spring/mailbox-locker.xml]
23-Jul-2025 14:49:08.896 INFO [main] org.springframework.beans.factory.xml.XmlBeanDefinitionReader.loadBeanDefinitions:317 - Loading XML bean definitions from class path resource [META-INF/spring/mailbox-jpa.xml]
23-Jul-2025 14:49:08.914 INFO [main] org.springframework.beans.factory.xml.XmlBeanDefinitionReader.loadBeanDefinitions:317 - Loading XML bean definitions from class path resource [META-INF/spring/mailbox-index-lucene.xml]
23-Jul-2025 14:49:08.930 INFO [main] org.springframework.beans.factory.xml.XmlBeanDefinitionReader.loadBeanDefinitions:317 - Loading XML bean definitions from class path resource [META-INF/spring/mailbox-memory.xml]
23-Jul-2025 14:49:08.946 INFO [main] org.springframework.beans.factory.support.DefaultListableBeanFactory.registerBeanDefinition:821 - Overriding bean definition for bean 'messageParser' with a different definition: replacing [Generic bean: class [org.apache.james.mailbox.store.mail.model.impl.MessageParser]; scope=; abstract=false; lazyInit=false; autowireMode=0; dependencyCheck=0; autowireCandidate=true; primary=false; factoryBeanName=null; factoryMethodName=null; initMethodName=init; destroyMethodName=null; defined in class path resource [META-INF/org/apache/james/spring-server.xml]] with [Generic bean: class [org.apache.james.mailbox.store.mail.model.impl.MessageParser]; scope=; abstract=false; lazyInit=false; autowireMode=0; dependencyCheck=0; autowireCandidate=true; primary=false; factoryBeanName=null; factoryMethodName=null; initMethodName=null; destroyMethodName=null; defined in class path resource [META-INF/spring/spring-mailbox.xml]]
23-Jul-2025 14:49:08.955 INFO [main] org.springframework.beans.factory.xml.XmlBeanDefinitionReader.loadBeanDefinitions:317 - Loading XML bean definitions from class path resource [META-INF/spring/quota.xml]
23-Jul-2025 14:49:08.971 INFO [main] org.springframework.beans.factory.xml.XmlBeanDefinitionReader.loadBeanDefinitions:317 - Loading XML bean definitions from class path resource [META-INF/spring/event-system.xml]
23-Jul-2025 14:49:09.017 INFO [main] org.springframework.beans.factory.support.DefaultListableBeanFactory.registerBeanDefinition:821 - Overriding bean definition for bean 'datasource' with a different definition: replacing [Generic bean: class [org.apache.commons.dbcp.BasicDataSource]; scope=; abstract=false; lazyInit=false; autowireMode=0; dependencyCheck=0; autowireCandidate=true; primary=false; factoryBeanName=null; factoryMethodName=null; initMethodName=null; destroyMethodName=close; defined in class path resource [META-INF/spring/mailbox-jpa.xml]] with [Generic bean: class [org.apache.commons.dbcp.BasicDataSource]; scope=; abstract=false; lazyInit=false; autowireMode=0; dependencyCheck=0; autowireCandidate=true; primary=false; factoryBeanName=null; factoryMethodName=null; initMethodName=null; destroyMethodName=close; defined in class path resource [META-INF/org/apache/james/spring-server.xml]]
23-Jul-2025 14:49:09.018 INFO [main] org.springframework.beans.factory.support.DefaultListableBeanFactory.registerBeanDefinition:821 - Overriding bean definition for bean 'entityManagerFactory' with a different definition: replacing [Generic bean: class [org.springframework.orm.jpa.LocalContainerEntityManagerFactoryBean]; scope=; abstract=false; lazyInit=false; autowireMode=0; dependencyCheck=0; autowireCandidate=true; primary=false; factoryBeanName=null; factoryMethodName=null; initMethodName=null; destroyMethodName=null; defined in class path resource [META-INF/spring/mailbox-jpa.xml]] with [Generic bean: class [org.springframework.orm.jpa.LocalContainerEntityManagerFactoryBean]; scope=; abstract=false; lazyInit=false; autowireMode=0; dependencyCheck=0; autowireCandidate=true; primary=false; factoryBeanName=null; factoryMethodName=null; initMethodName=null; destroyMethodName=null; defined in class path resource [META-INF/org/apache/james/spring-server.xml]]
23-Jul-2025 14:49:09.021 INFO [main] org.springframework.beans.factory.xml.XmlBeanDefinitionReader.loadBeanDefinitions:317 - Loading XML bean definitions from class path resource [META-INF/spring/mailbox-tools.xml]
23-Jul-2025 14:49:10.118 INFO [main] org.springframework.beans.factory.annotation.AutowiredAnnotationBeanPostProcessor.<init>:155 - JSR-330 'javax.inject.Inject' annotation found and supported for autowiring
23-Jul-2025 14:49:10.249 INFO [main] org.springframework.orm.jpa.LocalContainerEntityManagerFactoryBean.createNativeEntityManagerFactory:356 - Building JPA container EntityManagerFactory for persistence unit 'James'
23-Jul-2025 14:49:10.459 INFO [main] org.springframework.orm.jpa.AbstractEntityManagerFactoryBean.buildNativeEntityManagerFactory:414 - Initialized JPA EntityManagerFactory for persistence unit 'James'
23-Jul-2025 14:49:11.397 INFO [main] org.springframework.orm.jpa.AbstractEntityManagerFactoryBean.destroy:590 - Closing JPA EntityManagerFactory for persistence unit 'James'
26-Jul-2025 18:18:35.245 INFO [main] org.springframework.beans.factory.xml.XmlBeanDefinitionReader.loadBeanDefinitions:317 - Loading XML bean definitions from class path resource [META-INF/org/apache/james/spring-server.xml]
26-Jul-2025 18:18:36.561 INFO [main] org.springframework.beans.factory.xml.XmlBeanDefinitionReader.loadBeanDefinitions:317 - Loading XML bean definitions from class path resource [META-INF/spring/loaders-context.xml]
26-Jul-2025 18:18:36.604 INFO [main] org.springframework.beans.factory.xml.XmlBeanDefinitionReader.loadBeanDefinitions:317 - Loading XML bean definitions from class path resource [META-INF/org/apache/james/spring-mailbox-authenticator.xml]
26-Jul-2025 18:18:36.633 INFO [main] org.springframework.beans.factory.xml.XmlBeanDefinitionReader.loadBeanDefinitions:317 - Loading XML bean definitions from class path resource [META-INF/org/apache/james/spring-mailbox-authorizator.xml]
26-Jul-2025 18:18:36.715 INFO [main] org.springframework.beans.factory.xml.XmlBeanDefinitionReader.loadBeanDefinitions:317 - Loading XML bean definitions from class path resource [META-INF/spring/activemq-queue-context.xml]
26-Jul-2025 18:18:36.741 INFO [main] org.springframework.beans.factory.xml.XmlBeanDefinitionReader.loadBeanDefinitions:317 - Loading XML bean definitions from class path resource [META-INF/spring/mailetcontainer-context.xml]
26-Jul-2025 18:18:36.764 INFO [main] org.springframework.beans.factory.xml.XmlBeanDefinitionReader.loadBeanDefinitions:317 - Loading XML bean definitions from class path resource [META-INF/spring/dns-context.xml]
26-Jul-2025 18:18:36.781 INFO [main] org.springframework.beans.factory.xml.XmlBeanDefinitionReader.loadBeanDefinitions:317 - Loading XML bean definitions from class path resource [META-INF/spring/fetchmail-context.xml]
26-Jul-2025 18:18:36.795 INFO [main] org.springframework.beans.factory.xml.XmlBeanDefinitionReader.loadBeanDefinitions:317 - Loading XML bean definitions from class path resource [META-INF/spring/smtpserver-context.xml]
26-Jul-2025 18:18:36.808 INFO [main] org.springframework.beans.factory.xml.XmlBeanDefinitionReader.loadBeanDefinitions:317 - Loading XML bean definitions from class path resource [META-INF/spring/lmtpserver-context.xml]
26-Jul-2025 18:18:36.820 INFO [main] org.springframework.beans.factory.xml.XmlBeanDefinitionReader.loadBeanDefinitions:317 - Loading XML bean definitions from class path resource [META-INF/spring/pop3server-context.xml]
26-Jul-2025 18:18:36.832 INFO [main] org.springframework.beans.factory.xml.XmlBeanDefinitionReader.loadBeanDefinitions:317 - Loading XML bean definitions from class path resource [META-INF/spring/imapserver-context.xml]
26-Jul-2025 18:18:36.847 INFO [main] org.springframework.beans.factory.xml.XmlBeanDefinitionReader.loadBeanDefinitions:317 - Loading XML bean definitions from class path resource [META-INF/spring/managesieveserver-context.xml]
26-Jul-2025 18:18:36.861 INFO [main] org.springframework.beans.factory.xml.XmlBeanDefinitionReader.loadBeanDefinitions:317 - Loading XML bean definitions from class path resource [META-INF/spring/spring-mailbox.xml]
26-Jul-2025 18:18:36.874 INFO [main] org.springframework.beans.factory.xml.XmlBeanDefinitionReader.loadBeanDefinitions:317 - Loading XML bean definitions from class path resource [META-INF/spring/mailbox-locker.xml]
26-Jul-2025 18:18:36.883 INFO [main] org.springframework.beans.factory.xml.XmlBeanDefinitionReader.loadBeanDefinitions:317 - Loading XML bean definitions from class path resource [META-INF/spring/mailbox-jpa.xml]
26-Jul-2025 18:18:36.898 INFO [main] org.springframework.beans.factory.xml.XmlBeanDefinitionReader.loadBeanDefinitions:317 - Loading XML bean definitions from class path resource [META-INF/spring/mailbox-index-lucene.xml]
26-Jul-2025 18:18:36.909 INFO [main] org.springframework.beans.factory.xml.XmlBeanDefinitionReader.loadBeanDefinitions:317 - Loading XML bean definitions from class path resource [META-INF/spring/mailbox-memory.xml]
26-Jul-2025 18:18:36.924 INFO [main] org.springframework.beans.factory.support.DefaultListableBeanFactory.registerBeanDefinition:821 - Overriding bean definition for bean 'messageParser' with a different definition: replacing [Generic bean: class [org.apache.james.mailbox.store.mail.model.impl.MessageParser]; scope=; abstract=false; lazyInit=false; autowireMode=0; dependencyCheck=0; autowireCandidate=true; primary=false; factoryBeanName=null; factoryMethodName=null; initMethodName=init; destroyMethodName=null; defined in class path resource [META-INF/org/apache/james/spring-server.xml]] with [Generic bean: class [org.apache.james.mailbox.store.mail.model.impl.MessageParser]; scope=; abstract=false; lazyInit=false; autowireMode=0; dependencyCheck=0; autowireCandidate=true; primary=false; factoryBeanName=null; factoryMethodName=null; initMethodName=null; destroyMethodName=null; defined in class path resource [META-INF/spring/spring-mailbox.xml]]
26-Jul-2025 18:18:36.942 INFO [main] org.springframework.beans.factory.xml.XmlBeanDefinitionReader.loadBeanDefinitions:317 - Loading XML bean definitions from class path resource [META-INF/spring/quota.xml]
26-Jul-2025 18:18:36.957 INFO [main] org.springframework.beans.factory.xml.XmlBeanDefinitionReader.loadBeanDefinitions:317 - Loading XML bean definitions from class path resource [META-INF/spring/event-system.xml]
26-Jul-2025 18:18:37.013 INFO [main] org.springframework.beans.factory.support.DefaultListableBeanFactory.registerBeanDefinition:821 - Overriding bean definition for bean 'datasource' with a different definition: replacing [Generic bean: class [org.apache.commons.dbcp.BasicDataSource]; scope=; abstract=false; lazyInit=false; autowireMode=0; dependencyCheck=0; autowireCandidate=true; primary=false; factoryBeanName=null; factoryMethodName=null; initMethodName=null; destroyMethodName=close; defined in class path resource [META-INF/spring/mailbox-jpa.xml]] with [Generic bean: class [org.apache.commons.dbcp.BasicDataSource]; scope=; abstract=false; lazyInit=false; autowireMode=0; dependencyCheck=0; autowireCandidate=true; primary=false; factoryBeanName=null; factoryMethodName=null; initMethodName=null; destroyMethodName=close; defined in class path resource [META-INF/org/apache/james/spring-server.xml]]
26-Jul-2025 18:18:37.015 INFO [main] org.springframework.beans.factory.support.DefaultListableBeanFactory.registerBeanDefinition:821 - Overriding bean definition for bean 'entityManagerFactory' with a different definition: replacing [Generic bean: class [org.springframework.orm.jpa.LocalContainerEntityManagerFactoryBean]; scope=; abstract=false; lazyInit=false; autowireMode=0; dependencyCheck=0; autowireCandidate=true; primary=false; factoryBeanName=null; factoryMethodName=null; initMethodName=null; destroyMethodName=null; defined in class path resource [META-INF/spring/mailbox-jpa.xml]] with [Generic bean: class [org.springframework.orm.jpa.LocalContainerEntityManagerFactoryBean]; scope=; abstract=false; lazyInit=false; autowireMode=0; dependencyCheck=0; autowireCandidate=true; primary=false; factoryBeanName=null; factoryMethodName=null; initMethodName=null; destroyMethodName=null; defined in class path resource [META-INF/org/apache/james/spring-server.xml]]
26-Jul-2025 18:18:37.018 INFO [main] org.springframework.beans.factory.xml.XmlBeanDefinitionReader.loadBeanDefinitions:317 - Loading XML bean definitions from class path resource [META-INF/spring/mailbox-tools.xml]
26-Jul-2025 18:18:38.281 INFO [main] org.springframework.beans.factory.annotation.AutowiredAnnotationBeanPostProcessor.<init>:155 - JSR-330 'javax.inject.Inject' annotation found and supported for autowiring
26-Jul-2025 18:18:38.461 INFO [main] org.springframework.orm.jpa.LocalContainerEntityManagerFactoryBean.createNativeEntityManagerFactory:356 - Building JPA container EntityManagerFactory for persistence unit 'James'
26-Jul-2025 18:18:38.722 INFO [main] org.springframework.orm.jpa.AbstractEntityManagerFactoryBean.buildNativeEntityManagerFactory:414 - Initialized JPA EntityManagerFactory for persistence unit 'James'
26-Jul-2025 18:18:46.518 INFO [main] org.springframework.remoting.rmi.RmiRegistryFactoryBean.getRegistry:217 - Looking for RMI registry at port '9999', using custom socket factory
26-Jul-2025 18:18:48.537 INFO [main] org.springframework.remoting.rmi.RmiRegistryFactoryBean.getRegistry:228 - Could not detect RMI registry - creating new one
26-Jul-2025 18:18:48.617 INFO [main] org.springframework.jmx.support.ConnectorServerFactoryBean.afterPropertiesSet:191 - JMX connector server started: javax.management.remote.rmi.RMIConnectorServer@1db077a4
26-Jul-2025 18:18:48.949 INFO [main] org.springframework.jmx.export.MBeanExporter.afterSingletonsInstantiated:431 - Registering beans for JMX exposure on startup
26-Jul-2025 18:18:48.949 INFO [main] org.springframework.jmx.export.MBeanExporter.registerBeanInstance:672 - Located MBean 'org.apache.james:type=component,name=domainlist': registering with JMX server as MBean [org.apache.james:type=component,name=domainlist]
26-Jul-2025 18:18:48.963 INFO [main] org.springframework.jmx.export.MBeanExporter.registerBeanInstance:679 - Located managed bean 'org.apache.james:type=component,name=dnsservice': registering with JMX server as MBean [org.apache.james:type=component,name=dnsservice]
26-Jul-2025 18:18:48.975 INFO [main] org.springframework.jmx.export.MBeanExporter.registerBeanInstance:672 - Located MBean 'org.apache.james:type=component,name=recipientrewritetable': registering with JMX server as MBean [org.apache.james:type=component,name=recipientrewritetable]
26-Jul-2025 18:18:48.976 INFO [main] org.springframework.jmx.export.MBeanExporter.registerBeanInstance:672 - Located MBean 'org.apache.james:type=component,name=usersrepository': registering with JMX server as MBean [org.apache.james:type=component,name=usersrepository]
26-Jul-2025 18:18:48.977 INFO [main] org.springframework.jmx.export.MBeanExporter.registerBeanInstance:672 - Located MBean 'org.apache.james:type=component,name=fetchmail': registering with JMX server as MBean [org.apache.james:type=component,name=fetchmail]
26-Jul-2025 18:18:48.979 INFO [main] org.springframework.jmx.export.MBeanExporter.registerBeanInstance:672 - Located MBean 'org.apache.james:type=component,name=mailboxmanagerbean': registering with JMX server as MBean [org.apache.james:type=component,name=mailboxmanagerbean]
26-Jul-2025 18:18:48.979 INFO [main] org.springframework.jmx.export.MBeanExporter.registerBeanInstance:679 - Located managed bean 'org.apache.james:type=component,component=mailetcontainer,name=mailspooler': registering with JMX server as MBean [org.apache.james:type=component,component=mailetcontainer,name=mailspooler]
26-Jul-2025 18:18:48.980 INFO [main] org.springframework.jmx.export.MBeanExporter.registerBeanInstance:672 - Located MBean 'org.apache.james:type=component,name=mailboxcopier': registering with JMX server as MBean [org.apache.james:type=component,name=mailboxcopier]
26-Jul-2025 18:18:48.981 INFO [main] org.springframework.jmx.export.MBeanExporter.registerBeanInstance:672 - Located MBean 'org.apache.james:type=component,name=quotamanagerbean': registering with JMX server as MBean [org.apache.james:type=component,name=quotamanagerbean]
26-Jul-2025 18:18:48.983 INFO [main] org.springframework.jmx.export.MBeanExporter.registerBeanInstance:672 - Located MBean 'org.apache.james:type=component,name=reindexerbean': registering with JMX server as MBean [org.apache.james:type=component,name=reindexerbean]
26-Jul-2025 18:18:48.984 INFO [main] org.springframework.jmx.export.MBeanExporter.registerBeanInstance:672 - Located MBean 'org.apache.james:type=component,name=sievemanagerbean': registering with JMX server as MBean [org.apache.james:type=component,name=sievemanagerbean]
